<?xml version="1.0" encoding="UTF-8"?>
<!-- Generated by org.testng.reporters.JUnitReportReporter -->
<testsuite hostname="LAPTOP-9O5ARSSJ" failures="0" tests="3" name="com.demo.seleniumTestNG.AppTest" time="52.275" errors="0" timestamp="2022-12-29T11:21:00 IST" skipped="0">
  <testcase classname="com.demo.seleniumTestNG.AppTest" name="testCase3" time="20.275"/>
  <system-out/>
  <testcase classname="com.demo.seleniumTestNG.AppTest" name="testCase2" time="18.224"/>
  <system-out/>
  <testcase classname="com.demo.seleniumTestNG.AppTest" name="testCase1" time="13.776"/>
  <system-out/>
</testsuite> <!-- com.demo.seleniumTestNG.AppTest -->
